[debug] ----------------------------------------------------------------------
[debug] Command:      /usr/local/bin/node /usr/local/bin/firebase deploy
[debug] Platform:     darwin
[debug] Node Version: v5.6.0
[debug] Time:         Tue Mar 15 2016 17:55:00 GMT-0700 (PDT)
[debug] ----------------------------------------------------------------------
[debug] 
[debug] >>> HTTP REQUEST GET https://admin.firebase.com/firebase/torrid-heat-8701/token?token=XXX 
[debug] <<< HTTP RESPONSE 200
[debug] >>> HTTP REQUEST GET https://admin.firebase.com/firebase/torrid-heat-8701/token?token=XXX 
[debug] <<< HTTP RESPONSE 200
[info] 
[info] === Deploying to 'torrid-heat-8701'...
[info] 
[info] i  deploying hosting
[info] i  preparing src directory for upload...
[debug] >>> HTTP REQUEST PUT https://deploy.firebase.com/firebase/torrid-heat-8701/uploads/-KCwumxFNnIR9qIa8DOx?token=XXX&fileCount=30&message= 
[debug] <<< HTTP RESPONSE 200
[info] ✔  30 files uploaded successfully
[debug] >>> HTTP REQUEST POST https://deploy.firebase.com/firebase/torrid-heat-8701/releases?token=XXX
[debug] <<< HTTP RESPONSE 200
[info] 
[info] ✔  Deploy complete!
[info] 
[info] URL: https://torrid-heat-8701.firebaseapp.com
[info] Dashboard: https://torrid-heat-8701.firebaseio.com
[info] 
[info] Visit the URL above or run firebase open
